Firebase/build/outputs/logs/manifest-merger-release-report.txt
-- Merging decision tree log ---
manifest
ADDED from LittletigersInit-master\Firebase\AndroidManifest.xml:9:1-13:12
INJECTED from LittletigersInit-master\Firebase\AndroidManifest.xml:9:1-13:12
INJECTED from LittletigersInit-master\Firebase\AndroidManifest.xml:9:1-13:12
INJECTED from LittletigersInit-master\Firebase\AndroidManifest.xml:9:1-13:12
INJECTED from LittletigersInit-master\Firebase\AndroidManifest.xml:9:1-13:12
INJECTED from LittletigersInit-master\Firebase\AndroidManifest.xml:9:1-13:12
INJECTED from LittletigersInit-master\Firebase\AndroidManifest.xml:9:1-13:12
	package
		ADDED from LittletigersInit-master\Firebase\AndroidManifest.xml:10:11-46
		INJECTED from LittletigersInit-master\Firebase\AndroidManifest.xml
		INJECTED from LittletigersInit-master\Firebase\AndroidManifest.xml
	android:versionName
		ADDED from LittletigersInit-master\Firebase\AndroidManifest.xml:12:11-36
		INJECTED from LittletigersInit-master\Firebase\AndroidManifest.xml
		INJECTED from LittletigersInit-master\Firebase\AndroidManifest.xml
	xmlns:android
		ADDED from LittletigersInit-master\Firebase\AndroidManifest.xml:9:11-69
	android:versionCode
		ADDED from LittletigersInit-master\Firebase\AndroidManifest.xml:11:11-34
		INJECTED from LittletigersInit-master\Firebase\AndroidManifest.xml
		INJECTED from LittletigersInit-master\Firebase\AndroidManifest.xml
uses-sdk
INJECTED from LittletigersInit-master\Firebase\AndroidManifest.xml reason: use-sdk injection requested
INJECTED from LittletigersInit-master\Firebase\AndroidManifest.xml
INJECTED from LittletigersInit-master\Firebase\AndroidManifest.xml
	android:targetSdkVersion
		INJECTED from LittletigersInit-master\Firebase\AndroidManifest.xml
		ADDED from LittletigersInit-master\Firebase\AndroidManifest.xml
		INJECTED from LittletigersInit-master\Firebase\AndroidManifest.xml